2024-11-28 12:57:26.979 +01:00 [INF] User profile is available. Using 'C:\Users\solve\AppData\Local\ASP.NET\DataProtection-Keys' as key repository and Windows DPAPI to encrypt keys at rest.
2024-11-28 12:57:27.094 +01:00 [WRN] The ASP.NET Core developer certificate is not trusted. For information about trusting the ASP.NET Core developer certificate, see https://aka.ms/aspnet/https-trust-dev-cert.
2024-11-28 12:57:27.126 +01:00 [INF] Now listening on: https://localhost:7024
2024-11-28 12:57:27.128 +01:00 [INF] Now listening on: http://localhost:5056
2024-11-28 12:57:27.133 +01:00 [INF] Application started. Press Ctrl+C to shut down.
2024-11-28 12:57:27.136 +01:00 [INF] Hosting environment: Development
2024-11-28 12:57:27.138 +01:00 [INF] Content root path: C:\Users\solve\VSprojects\Webapplikasjoner\PinThePlace_React\api
2024-11-28 12:58:09.633 +01:00 [INF] Request starting HTTP/1.1 GET http://localhost:5056/api/pinapi/pinlist - null null
2024-11-28 12:58:09.720 +01:00 [INF] CORS policy execution successful.
2024-11-28 12:58:09.723 +01:00 [INF] Executing endpoint 'PinThePlace.Controllers.PinAPIController.PinList (api)'
2024-11-28 12:58:09.748 +01:00 [INF] Route matched with {action = "PinList", controller = "PinAPI"}. Executing controller action with signature System.Threading.Tasks.Task`1[Microsoft.AspNetCore.Mvc.IActionResult] PinList() on controller PinThePlace.Controllers.PinAPIController (api).
2024-11-28 12:58:09.845 +01:00 [INF] Executing OkObjectResult, writing value of type 'System.Linq.Enumerable+SelectListIterator`2[[PinThePlace.Models.Pin, api, Version=1.0.0.0, Culture=neutral, PublicKeyToken=null],[PinThePlace.DTOs.PinDto, api, Version=1.0.0.0, Culture=neutral, PublicKeyToken=null]]'.
2024-11-28 12:58:09.964 +01:00 [INF] Request starting HTTP/1.1 GET http://localhost:5056/api/pinapi/pinlist - null null
2024-11-28 12:58:09.965 +01:00 [INF] Executed action PinThePlace.Controllers.PinAPIController.PinList (api) in 211.6773ms
2024-11-28 12:58:09.966 +01:00 [INF] Executed endpoint 'PinThePlace.Controllers.PinAPIController.PinList (api)'
2024-11-28 12:58:09.970 +01:00 [INF] CORS policy execution successful.
2024-11-28 12:58:09.970 +01:00 [INF] Executing endpoint 'PinThePlace.Controllers.PinAPIController.PinList (api)'
2024-11-28 12:58:09.970 +01:00 [INF] Route matched with {action = "PinList", controller = "PinAPI"}. Executing controller action with signature System.Threading.Tasks.Task`1[Microsoft.AspNetCore.Mvc.IActionResult] PinList() on controller PinThePlace.Controllers.PinAPIController (api).
2024-11-28 12:58:09.974 +01:00 [INF] Request finished HTTP/1.1 GET http://localhost:5056/api/pinapi/pinlist - 200 1709 application/json; charset=utf-8 343.6762ms
2024-11-28 12:58:10.036 +01:00 [INF] Executing OkObjectResult, writing value of type 'System.Linq.Enumerable+SelectListIterator`2[[PinThePlace.Models.Pin, api, Version=1.0.0.0, Culture=neutral, PublicKeyToken=null],[PinThePlace.DTOs.PinDto, api, Version=1.0.0.0, Culture=neutral, PublicKeyToken=null]]'.
2024-11-28 12:58:10.037 +01:00 [INF] Executed action PinThePlace.Controllers.PinAPIController.PinList (api) in 66.6195ms
2024-11-28 12:58:10.037 +01:00 [INF] Executed endpoint 'PinThePlace.Controllers.PinAPIController.PinList (api)'
2024-11-28 12:58:10.037 +01:00 [INF] Request finished HTTP/1.1 GET http://localhost:5056/api/pinapi/pinlist - 200 1709 application/json; charset=utf-8 73.7851ms
2024-11-28 12:58:13.484 +01:00 [INF] Request starting HTTP/1.1 GET http://localhost:5056/api/pinapi/pinlist - null null
2024-11-28 12:58:13.488 +01:00 [INF] CORS policy execution successful.
2024-11-28 12:58:13.488 +01:00 [INF] Executing endpoint 'PinThePlace.Controllers.PinAPIController.PinList (api)'
2024-11-28 12:58:13.488 +01:00 [INF] Route matched with {action = "PinList", controller = "PinAPI"}. Executing controller action with signature System.Threading.Tasks.Task`1[Microsoft.AspNetCore.Mvc.IActionResult] PinList() on controller PinThePlace.Controllers.PinAPIController (api).
2024-11-28 12:58:13.501 +01:00 [INF] Executing OkObjectResult, writing value of type 'System.Linq.Enumerable+SelectListIterator`2[[PinThePlace.Models.Pin, api, Version=1.0.0.0, Culture=neutral, PublicKeyToken=null],[PinThePlace.DTOs.PinDto, api, Version=1.0.0.0, Culture=neutral, PublicKeyToken=null]]'.
2024-11-28 12:58:13.502 +01:00 [INF] Executed action PinThePlace.Controllers.PinAPIController.PinList (api) in 13.671ms
2024-11-28 12:58:13.502 +01:00 [INF] Executed endpoint 'PinThePlace.Controllers.PinAPIController.PinList (api)'
2024-11-28 12:58:13.503 +01:00 [INF] Request finished HTTP/1.1 GET http://localhost:5056/api/pinapi/pinlist - 200 1709 application/json; charset=utf-8 19.0135ms
2024-11-28 12:58:13.503 +01:00 [INF] Request starting HTTP/1.1 GET http://localhost:5056/api/pinapi/pinlist - null null
2024-11-28 12:58:13.504 +01:00 [INF] CORS policy execution successful.
2024-11-28 12:58:13.504 +01:00 [INF] Executing endpoint 'PinThePlace.Controllers.PinAPIController.PinList (api)'
2024-11-28 12:58:13.504 +01:00 [INF] Route matched with {action = "PinList", controller = "PinAPI"}. Executing controller action with signature System.Threading.Tasks.Task`1[Microsoft.AspNetCore.Mvc.IActionResult] PinList() on controller PinThePlace.Controllers.PinAPIController (api).
2024-11-28 12:58:13.510 +01:00 [INF] Executing OkObjectResult, writing value of type 'System.Linq.Enumerable+SelectListIterator`2[[PinThePlace.Models.Pin, api, Version=1.0.0.0, Culture=neutral, PublicKeyToken=null],[PinThePlace.DTOs.PinDto, api, Version=1.0.0.0, Culture=neutral, PublicKeyToken=null]]'.
2024-11-28 12:58:13.511 +01:00 [INF] Executed action PinThePlace.Controllers.PinAPIController.PinList (api) in 6.6467ms
2024-11-28 12:58:13.511 +01:00 [INF] Executed endpoint 'PinThePlace.Controllers.PinAPIController.PinList (api)'
2024-11-28 12:58:13.512 +01:00 [INF] Request finished HTTP/1.1 GET http://localhost:5056/api/pinapi/pinlist - 200 1709 application/json; charset=utf-8 8.3046ms
2024-11-28 12:58:15.147 +01:00 [INF] Request starting HTTP/1.1 GET http://localhost:5056/api/pinapi/pinlist - null null
2024-11-28 12:58:15.148 +01:00 [INF] CORS policy execution successful.
2024-11-28 12:58:15.148 +01:00 [INF] Executing endpoint 'PinThePlace.Controllers.PinAPIController.PinList (api)'
2024-11-28 12:58:15.149 +01:00 [INF] Route matched with {action = "PinList", controller = "PinAPI"}. Executing controller action with signature System.Threading.Tasks.Task`1[Microsoft.AspNetCore.Mvc.IActionResult] PinList() on controller PinThePlace.Controllers.PinAPIController (api).
2024-11-28 12:58:15.153 +01:00 [INF] Executing OkObjectResult, writing value of type 'System.Linq.Enumerable+SelectListIterator`2[[PinThePlace.Models.Pin, api, Version=1.0.0.0, Culture=neutral, PublicKeyToken=null],[PinThePlace.DTOs.PinDto, api, Version=1.0.0.0, Culture=neutral, PublicKeyToken=null]]'.
2024-11-28 12:58:15.154 +01:00 [INF] Executed action PinThePlace.Controllers.PinAPIController.PinList (api) in 4.9934ms
2024-11-28 12:58:15.154 +01:00 [INF] Executed endpoint 'PinThePlace.Controllers.PinAPIController.PinList (api)'
2024-11-28 12:58:15.154 +01:00 [INF] Request finished HTTP/1.1 GET http://localhost:5056/api/pinapi/pinlist - 200 1709 application/json; charset=utf-8 6.9182ms
2024-11-28 12:58:15.155 +01:00 [INF] Request starting HTTP/1.1 GET http://localhost:5056/api/pinapi/pinlist - null null
2024-11-28 12:58:15.155 +01:00 [INF] CORS policy execution successful.
2024-11-28 12:58:15.155 +01:00 [INF] Executing endpoint 'PinThePlace.Controllers.PinAPIController.PinList (api)'
2024-11-28 12:58:15.156 +01:00 [INF] Route matched with {action = "PinList", controller = "PinAPI"}. Executing controller action with signature System.Threading.Tasks.Task`1[Microsoft.AspNetCore.Mvc.IActionResult] PinList() on controller PinThePlace.Controllers.PinAPIController (api).
2024-11-28 12:58:15.161 +01:00 [INF] Executing OkObjectResult, writing value of type 'System.Linq.Enumerable+SelectListIterator`2[[PinThePlace.Models.Pin, api, Version=1.0.0.0, Culture=neutral, PublicKeyToken=null],[PinThePlace.DTOs.PinDto, api, Version=1.0.0.0, Culture=neutral, PublicKeyToken=null]]'.
2024-11-28 12:58:15.162 +01:00 [INF] Executed action PinThePlace.Controllers.PinAPIController.PinList (api) in 6.3962ms
2024-11-28 12:58:15.162 +01:00 [INF] Executed endpoint 'PinThePlace.Controllers.PinAPIController.PinList (api)'
2024-11-28 12:58:15.162 +01:00 [INF] Request finished HTTP/1.1 GET http://localhost:5056/api/pinapi/pinlist - 200 1709 application/json; charset=utf-8 7.5818ms
2024-11-28 12:58:18.007 +01:00 [INF] Request starting HTTP/1.1 GET http://localhost:5056/api/pinapi/pinlist - null null
2024-11-28 12:58:18.008 +01:00 [INF] CORS policy execution successful.
2024-11-28 12:58:18.008 +01:00 [INF] Executing endpoint 'PinThePlace.Controllers.PinAPIController.PinList (api)'
2024-11-28 12:58:18.008 +01:00 [INF] Route matched with {action = "PinList", controller = "PinAPI"}. Executing controller action with signature System.Threading.Tasks.Task`1[Microsoft.AspNetCore.Mvc.IActionResult] PinList() on controller PinThePlace.Controllers.PinAPIController (api).
2024-11-28 12:58:18.012 +01:00 [INF] Executing OkObjectResult, writing value of type 'System.Linq.Enumerable+SelectListIterator`2[[PinThePlace.Models.Pin, api, Version=1.0.0.0, Culture=neutral, PublicKeyToken=null],[PinThePlace.DTOs.PinDto, api, Version=1.0.0.0, Culture=neutral, PublicKeyToken=null]]'.
2024-11-28 12:58:18.013 +01:00 [INF] Executed action PinThePlace.Controllers.PinAPIController.PinList (api) in 4.8506ms
2024-11-28 12:58:18.013 +01:00 [INF] Executed endpoint 'PinThePlace.Controllers.PinAPIController.PinList (api)'
2024-11-28 12:58:18.013 +01:00 [INF] Request finished HTTP/1.1 GET http://localhost:5056/api/pinapi/pinlist - 200 1709 application/json; charset=utf-8 6.1821ms
2024-11-28 12:58:18.015 +01:00 [INF] Request starting HTTP/1.1 GET http://localhost:5056/api/pinapi/pinlist - null null
2024-11-28 12:58:18.015 +01:00 [INF] CORS policy execution successful.
2024-11-28 12:58:18.016 +01:00 [INF] Executing endpoint 'PinThePlace.Controllers.PinAPIController.PinList (api)'
2024-11-28 12:58:18.016 +01:00 [INF] Route matched with {action = "PinList", controller = "PinAPI"}. Executing controller action with signature System.Threading.Tasks.Task`1[Microsoft.AspNetCore.Mvc.IActionResult] PinList() on controller PinThePlace.Controllers.PinAPIController (api).
2024-11-28 12:58:18.022 +01:00 [INF] Executing OkObjectResult, writing value of type 'System.Linq.Enumerable+SelectListIterator`2[[PinThePlace.Models.Pin, api, Version=1.0.0.0, Culture=neutral, PublicKeyToken=null],[PinThePlace.DTOs.PinDto, api, Version=1.0.0.0, Culture=neutral, PublicKeyToken=null]]'.
2024-11-28 12:58:18.023 +01:00 [INF] Executed action PinThePlace.Controllers.PinAPIController.PinList (api) in 6.7974ms
2024-11-28 12:58:18.023 +01:00 [INF] Executed endpoint 'PinThePlace.Controllers.PinAPIController.PinList (api)'
2024-11-28 12:58:18.023 +01:00 [INF] Request finished HTTP/1.1 GET http://localhost:5056/api/pinapi/pinlist - 200 1709 application/json; charset=utf-8 8.6364ms
2024-11-28 12:58:18.024 +01:00 [INF] Request starting HTTP/1.1 GET http://localhost:5056/api/pinapi/pinlist - null null
2024-11-28 12:58:18.024 +01:00 [INF] CORS policy execution successful.
2024-11-28 12:58:18.024 +01:00 [INF] Executing endpoint 'PinThePlace.Controllers.PinAPIController.PinList (api)'
2024-11-28 12:58:18.024 +01:00 [INF] Route matched with {action = "PinList", controller = "PinAPI"}. Executing controller action with signature System.Threading.Tasks.Task`1[Microsoft.AspNetCore.Mvc.IActionResult] PinList() on controller PinThePlace.Controllers.PinAPIController (api).
2024-11-28 12:58:18.029 +01:00 [INF] Executing OkObjectResult, writing value of type 'System.Linq.Enumerable+SelectListIterator`2[[PinThePlace.Models.Pin, api, Version=1.0.0.0, Culture=neutral, PublicKeyToken=null],[PinThePlace.DTOs.PinDto, api, Version=1.0.0.0, Culture=neutral, PublicKeyToken=null]]'.
2024-11-28 12:58:18.030 +01:00 [INF] Executed action PinThePlace.Controllers.PinAPIController.PinList (api) in 5.3409ms
2024-11-28 12:58:18.030 +01:00 [INF] Executed endpoint 'PinThePlace.Controllers.PinAPIController.PinList (api)'
2024-11-28 12:58:18.030 +01:00 [INF] Request finished HTTP/1.1 GET http://localhost:5056/api/pinapi/pinlist - 200 1709 application/json; charset=utf-8 6.5376ms
2024-11-28 12:58:18.031 +01:00 [INF] Request starting HTTP/1.1 GET http://localhost:5056/api/pinapi/pinlist - null null
2024-11-28 12:58:18.032 +01:00 [INF] CORS policy execution successful.
2024-11-28 12:58:18.032 +01:00 [INF] Executing endpoint 'PinThePlace.Controllers.PinAPIController.PinList (api)'
2024-11-28 12:58:18.032 +01:00 [INF] Route matched with {action = "PinList", controller = "PinAPI"}. Executing controller action with signature System.Threading.Tasks.Task`1[Microsoft.AspNetCore.Mvc.IActionResult] PinList() on controller PinThePlace.Controllers.PinAPIController (api).
2024-11-28 12:58:18.038 +01:00 [INF] Executing OkObjectResult, writing value of type 'System.Linq.Enumerable+SelectListIterator`2[[PinThePlace.Models.Pin, api, Version=1.0.0.0, Culture=neutral, PublicKeyToken=null],[PinThePlace.DTOs.PinDto, api, Version=1.0.0.0, Culture=neutral, PublicKeyToken=null]]'.
2024-11-28 12:58:18.039 +01:00 [INF] Executed action PinThePlace.Controllers.PinAPIController.PinList (api) in 6.1657ms
2024-11-28 12:58:18.039 +01:00 [INF] Executed endpoint 'PinThePlace.Controllers.PinAPIController.PinList (api)'
2024-11-28 12:58:18.039 +01:00 [INF] Request finished HTTP/1.1 GET http://localhost:5056/api/pinapi/pinlist - 200 1709 application/json; charset=utf-8 7.6986ms
2024-11-28 12:58:19.889 +01:00 [INF] Request starting HTTP/1.1 GET http://localhost:5056/api/pinapi/pinlist - null null
2024-11-28 12:58:19.889 +01:00 [INF] CORS policy execution successful.
2024-11-28 12:58:19.889 +01:00 [INF] Executing endpoint 'PinThePlace.Controllers.PinAPIController.PinList (api)'
2024-11-28 12:58:19.889 +01:00 [INF] Route matched with {action = "PinList", controller = "PinAPI"}. Executing controller action with signature System.Threading.Tasks.Task`1[Microsoft.AspNetCore.Mvc.IActionResult] PinList() on controller PinThePlace.Controllers.PinAPIController (api).
2024-11-28 12:58:19.895 +01:00 [INF] Executing OkObjectResult, writing value of type 'System.Linq.Enumerable+SelectListIterator`2[[PinThePlace.Models.Pin, api, Version=1.0.0.0, Culture=neutral, PublicKeyToken=null],[PinThePlace.DTOs.PinDto, api, Version=1.0.0.0, Culture=neutral, PublicKeyToken=null]]'.
2024-11-28 12:58:19.895 +01:00 [INF] Executed action PinThePlace.Controllers.PinAPIController.PinList (api) in 5.8551ms
2024-11-28 12:58:19.895 +01:00 [INF] Executed endpoint 'PinThePlace.Controllers.PinAPIController.PinList (api)'
2024-11-28 12:58:19.896 +01:00 [INF] Request finished HTTP/1.1 GET http://localhost:5056/api/pinapi/pinlist - 200 1709 application/json; charset=utf-8 6.7284ms
2024-11-28 12:58:19.897 +01:00 [INF] Request starting HTTP/1.1 GET http://localhost:5056/api/pinapi/pinlist - null null
2024-11-28 12:58:19.897 +01:00 [INF] CORS policy execution successful.
2024-11-28 12:58:19.897 +01:00 [INF] Executing endpoint 'PinThePlace.Controllers.PinAPIController.PinList (api)'
2024-11-28 12:58:19.897 +01:00 [INF] Route matched with {action = "PinList", controller = "PinAPI"}. Executing controller action with signature System.Threading.Tasks.Task`1[Microsoft.AspNetCore.Mvc.IActionResult] PinList() on controller PinThePlace.Controllers.PinAPIController (api).
2024-11-28 12:58:19.903 +01:00 [INF] Executing OkObjectResult, writing value of type 'System.Linq.Enumerable+SelectListIterator`2[[PinThePlace.Models.Pin, api, Version=1.0.0.0, Culture=neutral, PublicKeyToken=null],[PinThePlace.DTOs.PinDto, api, Version=1.0.0.0, Culture=neutral, PublicKeyToken=null]]'.
2024-11-28 12:58:19.903 +01:00 [INF] Executed action PinThePlace.Controllers.PinAPIController.PinList (api) in 5.7182ms
2024-11-28 12:58:19.903 +01:00 [INF] Executed endpoint 'PinThePlace.Controllers.PinAPIController.PinList (api)'
2024-11-28 12:58:19.904 +01:00 [INF] Request finished HTTP/1.1 GET http://localhost:5056/api/pinapi/pinlist - 200 1709 application/json; charset=utf-8 7.1147ms
2024-11-28 12:58:21.800 +01:00 [INF] Request starting HTTP/1.1 GET http://localhost:5056/api/pinapi/pinlist - null null
2024-11-28 12:58:21.800 +01:00 [INF] CORS policy execution successful.
2024-11-28 12:58:21.801 +01:00 [INF] Executing endpoint 'PinThePlace.Controllers.PinAPIController.PinList (api)'
2024-11-28 12:58:21.801 +01:00 [INF] Route matched with {action = "PinList", controller = "PinAPI"}. Executing controller action with signature System.Threading.Tasks.Task`1[Microsoft.AspNetCore.Mvc.IActionResult] PinList() on controller PinThePlace.Controllers.PinAPIController (api).
2024-11-28 12:58:21.805 +01:00 [INF] Executing OkObjectResult, writing value of type 'System.Linq.Enumerable+SelectListIterator`2[[PinThePlace.Models.Pin, api, Version=1.0.0.0, Culture=neutral, PublicKeyToken=null],[PinThePlace.DTOs.PinDto, api, Version=1.0.0.0, Culture=neutral, PublicKeyToken=null]]'.
2024-11-28 12:58:21.805 +01:00 [INF] Executed action PinThePlace.Controllers.PinAPIController.PinList (api) in 4.2346ms
2024-11-28 12:58:21.805 +01:00 [INF] Executed endpoint 'PinThePlace.Controllers.PinAPIController.PinList (api)'
2024-11-28 12:58:21.805 +01:00 [INF] Request finished HTTP/1.1 GET http://localhost:5056/api/pinapi/pinlist - 200 1709 application/json; charset=utf-8 5.3025ms
2024-11-28 12:58:21.806 +01:00 [INF] Request starting HTTP/1.1 GET http://localhost:5056/api/pinapi/pinlist - null null
2024-11-28 12:58:21.806 +01:00 [INF] CORS policy execution successful.
2024-11-28 12:58:21.806 +01:00 [INF] Executing endpoint 'PinThePlace.Controllers.PinAPIController.PinList (api)'
2024-11-28 12:58:21.807 +01:00 [INF] Route matched with {action = "PinList", controller = "PinAPI"}. Executing controller action with signature System.Threading.Tasks.Task`1[Microsoft.AspNetCore.Mvc.IActionResult] PinList() on controller PinThePlace.Controllers.PinAPIController (api).
2024-11-28 12:58:21.811 +01:00 [INF] Executing OkObjectResult, writing value of type 'System.Linq.Enumerable+SelectListIterator`2[[PinThePlace.Models.Pin, api, Version=1.0.0.0, Culture=neutral, PublicKeyToken=null],[PinThePlace.DTOs.PinDto, api, Version=1.0.0.0, Culture=neutral, PublicKeyToken=null]]'.
2024-11-28 12:58:21.812 +01:00 [INF] Executed action PinThePlace.Controllers.PinAPIController.PinList (api) in 4.8695ms
2024-11-28 12:58:21.812 +01:00 [INF] Executed endpoint 'PinThePlace.Controllers.PinAPIController.PinList (api)'
2024-11-28 12:58:21.812 +01:00 [INF] Request finished HTTP/1.1 GET http://localhost:5056/api/pinapi/pinlist - 200 1709 application/json; charset=utf-8 5.8836ms
2024-11-28 13:00:30.170 +01:00 [INF] Request starting HTTP/1.1 GET http://localhost:5056/api/userapi/userlist - null null
2024-11-28 13:00:30.196 +01:00 [INF] CORS policy execution successful.
2024-11-28 13:00:30.197 +01:00 [INF] Request finished HTTP/1.1 GET http://localhost:5056/api/userapi/userlist - 404 0 null 29.0059ms
2024-11-28 13:00:30.200 +01:00 [INF] Request starting HTTP/1.1 GET http://localhost:5056/api/userapi/userlist - null null
2024-11-28 13:00:30.228 +01:00 [INF] CORS policy execution successful.
2024-11-28 13:00:30.228 +01:00 [INF] Request reached the end of the middleware pipeline without being handled by application code. Request path: GET http://localhost:5056/api/userapi/userlist, Response status code: 404
2024-11-28 13:00:30.228 +01:00 [INF] Request finished HTTP/1.1 GET http://localhost:5056/api/userapi/userlist - 404 0 null 28.0268ms
2024-11-28 13:00:30.228 +01:00 [INF] Request reached the end of the middleware pipeline without being handled by application code. Request path: GET http://localhost:5056/api/userapi/userlist, Response status code: 404
2024-11-28 13:00:31.944 +01:00 [INF] Request starting HTTP/1.1 GET http://localhost:5056/api/pinapi/pinlist - null null
2024-11-28 13:00:31.945 +01:00 [INF] CORS policy execution successful.
2024-11-28 13:00:31.945 +01:00 [INF] Executing endpoint 'PinThePlace.Controllers.PinAPIController.PinList (api)'
2024-11-28 13:00:31.945 +01:00 [INF] Route matched with {action = "PinList", controller = "PinAPI"}. Executing controller action with signature System.Threading.Tasks.Task`1[Microsoft.AspNetCore.Mvc.IActionResult] PinList() on controller PinThePlace.Controllers.PinAPIController (api).
2024-11-28 13:00:31.951 +01:00 [INF] Executing OkObjectResult, writing value of type 'System.Linq.Enumerable+SelectListIterator`2[[PinThePlace.Models.Pin, api, Version=1.0.0.0, Culture=neutral, PublicKeyToken=null],[PinThePlace.DTOs.PinDto, api, Version=1.0.0.0, Culture=neutral, PublicKeyToken=null]]'.
2024-11-28 13:00:31.951 +01:00 [INF] Executed action PinThePlace.Controllers.PinAPIController.PinList (api) in 6.4795ms
2024-11-28 13:00:31.951 +01:00 [INF] Executed endpoint 'PinThePlace.Controllers.PinAPIController.PinList (api)'
2024-11-28 13:00:31.952 +01:00 [INF] Request finished HTTP/1.1 GET http://localhost:5056/api/pinapi/pinlist - 200 1709 application/json; charset=utf-8 7.4208ms
2024-11-28 13:00:31.953 +01:00 [INF] Request starting HTTP/1.1 GET http://localhost:5056/api/pinapi/pinlist - null null
2024-11-28 13:00:31.953 +01:00 [INF] CORS policy execution successful.
2024-11-28 13:00:31.953 +01:00 [INF] Executing endpoint 'PinThePlace.Controllers.PinAPIController.PinList (api)'
2024-11-28 13:00:31.956 +01:00 [INF] Route matched with {action = "PinList", controller = "PinAPI"}. Executing controller action with signature System.Threading.Tasks.Task`1[Microsoft.AspNetCore.Mvc.IActionResult] PinList() on controller PinThePlace.Controllers.PinAPIController (api).
2024-11-28 13:00:31.962 +01:00 [INF] Executing OkObjectResult, writing value of type 'System.Linq.Enumerable+SelectListIterator`2[[PinThePlace.Models.Pin, api, Version=1.0.0.0, Culture=neutral, PublicKeyToken=null],[PinThePlace.DTOs.PinDto, api, Version=1.0.0.0, Culture=neutral, PublicKeyToken=null]]'.
2024-11-28 13:00:31.962 +01:00 [INF] Executed action PinThePlace.Controllers.PinAPIController.PinList (api) in 6.2432ms
2024-11-28 13:00:31.963 +01:00 [INF] Executed endpoint 'PinThePlace.Controllers.PinAPIController.PinList (api)'
2024-11-28 13:00:31.963 +01:00 [INF] Request finished HTTP/1.1 GET http://localhost:5056/api/pinapi/pinlist - 200 1709 application/json; charset=utf-8 9.6618ms
2024-11-28 13:00:33.760 +01:00 [INF] Request starting HTTP/1.1 GET http://localhost:5056/api/userapi/userlist - null null
2024-11-28 13:00:33.760 +01:00 [INF] CORS policy execution successful.
2024-11-28 13:00:33.760 +01:00 [INF] Request finished HTTP/1.1 GET http://localhost:5056/api/userapi/userlist - 404 0 null 0.5597ms
2024-11-28 13:00:33.760 +01:00 [INF] Request reached the end of the middleware pipeline without being handled by application code. Request path: GET http://localhost:5056/api/userapi/userlist, Response status code: 404
2024-11-28 13:00:33.761 +01:00 [INF] Request starting HTTP/1.1 GET http://localhost:5056/api/userapi/userlist - null null
2024-11-28 13:00:33.761 +01:00 [INF] CORS policy execution successful.
2024-11-28 13:00:33.762 +01:00 [INF] Request finished HTTP/1.1 GET http://localhost:5056/api/userapi/userlist - 404 0 null 0.4847ms
2024-11-28 13:00:33.762 +01:00 [INF] Request reached the end of the middleware pipeline without being handled by application code. Request path: GET http://localhost:5056/api/userapi/userlist, Response status code: 404
2024-11-28 13:00:35.153 +01:00 [INF] Request starting HTTP/1.1 GET http://localhost:5056/api/pinapi/pinlist - null null
2024-11-28 13:00:35.154 +01:00 [INF] CORS policy execution successful.
2024-11-28 13:00:35.154 +01:00 [INF] Executing endpoint 'PinThePlace.Controllers.PinAPIController.PinList (api)'
2024-11-28 13:00:35.154 +01:00 [INF] Route matched with {action = "PinList", controller = "PinAPI"}. Executing controller action with signature System.Threading.Tasks.Task`1[Microsoft.AspNetCore.Mvc.IActionResult] PinList() on controller PinThePlace.Controllers.PinAPIController (api).
2024-11-28 13:00:35.158 +01:00 [INF] Executing OkObjectResult, writing value of type 'System.Linq.Enumerable+SelectListIterator`2[[PinThePlace.Models.Pin, api, Version=1.0.0.0, Culture=neutral, PublicKeyToken=null],[PinThePlace.DTOs.PinDto, api, Version=1.0.0.0, Culture=neutral, PublicKeyToken=null]]'.
2024-11-28 13:00:35.159 +01:00 [INF] Executed action PinThePlace.Controllers.PinAPIController.PinList (api) in 4.5089ms
2024-11-28 13:00:35.159 +01:00 [INF] Executed endpoint 'PinThePlace.Controllers.PinAPIController.PinList (api)'
2024-11-28 13:00:35.159 +01:00 [INF] Request finished HTTP/1.1 GET http://localhost:5056/api/pinapi/pinlist - 200 1709 application/json; charset=utf-8 5.7527ms
2024-11-28 13:00:35.160 +01:00 [INF] Request starting HTTP/1.1 GET http://localhost:5056/api/pinapi/pinlist - null null
2024-11-28 13:00:35.161 +01:00 [INF] CORS policy execution successful.
2024-11-28 13:00:35.161 +01:00 [INF] Executing endpoint 'PinThePlace.Controllers.PinAPIController.PinList (api)'
2024-11-28 13:00:35.161 +01:00 [INF] Route matched with {action = "PinList", controller = "PinAPI"}. Executing controller action with signature System.Threading.Tasks.Task`1[Microsoft.AspNetCore.Mvc.IActionResult] PinList() on controller PinThePlace.Controllers.PinAPIController (api).
2024-11-28 13:00:35.168 +01:00 [INF] Executing OkObjectResult, writing value of type 'System.Linq.Enumerable+SelectListIterator`2[[PinThePlace.Models.Pin, api, Version=1.0.0.0, Culture=neutral, PublicKeyToken=null],[PinThePlace.DTOs.PinDto, api, Version=1.0.0.0, Culture=neutral, PublicKeyToken=null]]'.
2024-11-28 13:00:35.169 +01:00 [INF] Executed action PinThePlace.Controllers.PinAPIController.PinList (api) in 7.4228ms
2024-11-28 13:00:35.169 +01:00 [INF] Executed endpoint 'PinThePlace.Controllers.PinAPIController.PinList (api)'
2024-11-28 13:00:35.169 +01:00 [INF] Request finished HTTP/1.1 GET http://localhost:5056/api/pinapi/pinlist - 200 1709 application/json; charset=utf-8 8.7562ms
2024-11-28 13:00:40.193 +01:00 [INF] Request starting HTTP/1.1 GET http://localhost:5056/api/userapi/userlist - null null
2024-11-28 13:00:40.193 +01:00 [INF] CORS policy execution successful.
2024-11-28 13:00:40.193 +01:00 [INF] Request finished HTTP/1.1 GET http://localhost:5056/api/userapi/userlist - 404 0 null 0.4871ms
2024-11-28 13:00:40.194 +01:00 [INF] Request reached the end of the middleware pipeline without being handled by application code. Request path: GET http://localhost:5056/api/userapi/userlist, Response status code: 404
2024-11-28 13:00:40.194 +01:00 [INF] Request starting HTTP/1.1 GET http://localhost:5056/api/userapi/userlist - null null
2024-11-28 13:00:40.194 +01:00 [INF] CORS policy execution successful.
2024-11-28 13:00:40.195 +01:00 [INF] Request finished HTTP/1.1 GET http://localhost:5056/api/userapi/userlist - 404 0 null 0.4395ms
2024-11-28 13:00:40.195 +01:00 [INF] Request reached the end of the middleware pipeline without being handled by application code. Request path: GET http://localhost:5056/api/userapi/userlist, Response status code: 404
2024-11-28 13:00:45.819 +01:00 [INF] Request starting HTTP/1.1 GET http://localhost:5056/api/pinapi/pinlist - null null
2024-11-28 13:00:45.820 +01:00 [INF] CORS policy execution successful.
2024-11-28 13:00:45.820 +01:00 [INF] Executing endpoint 'PinThePlace.Controllers.PinAPIController.PinList (api)'
2024-11-28 13:00:45.820 +01:00 [INF] Route matched with {action = "PinList", controller = "PinAPI"}. Executing controller action with signature System.Threading.Tasks.Task`1[Microsoft.AspNetCore.Mvc.IActionResult] PinList() on controller PinThePlace.Controllers.PinAPIController (api).
2024-11-28 13:00:45.824 +01:00 [INF] Executing OkObjectResult, writing value of type 'System.Linq.Enumerable+SelectListIterator`2[[PinThePlace.Models.Pin, api, Version=1.0.0.0, Culture=neutral, PublicKeyToken=null],[PinThePlace.DTOs.PinDto, api, Version=1.0.0.0, Culture=neutral, PublicKeyToken=null]]'.
2024-11-28 13:00:45.825 +01:00 [INF] Executed action PinThePlace.Controllers.PinAPIController.PinList (api) in 4.4904ms
2024-11-28 13:00:45.825 +01:00 [INF] Executed endpoint 'PinThePlace.Controllers.PinAPIController.PinList (api)'
2024-11-28 13:00:45.825 +01:00 [INF] Request finished HTTP/1.1 GET http://localhost:5056/api/pinapi/pinlist - 200 1709 application/json; charset=utf-8 5.5532ms
2024-11-28 13:00:45.826 +01:00 [INF] Request starting HTTP/1.1 GET http://localhost:5056/api/pinapi/pinlist - null null
2024-11-28 13:00:45.826 +01:00 [INF] CORS policy execution successful.
2024-11-28 13:00:45.826 +01:00 [INF] Executing endpoint 'PinThePlace.Controllers.PinAPIController.PinList (api)'
2024-11-28 13:00:45.826 +01:00 [INF] Route matched with {action = "PinList", controller = "PinAPI"}. Executing controller action with signature System.Threading.Tasks.Task`1[Microsoft.AspNetCore.Mvc.IActionResult] PinList() on controller PinThePlace.Controllers.PinAPIController (api).
2024-11-28 13:00:45.831 +01:00 [INF] Executing OkObjectResult, writing value of type 'System.Linq.Enumerable+SelectListIterator`2[[PinThePlace.Models.Pin, api, Version=1.0.0.0, Culture=neutral, PublicKeyToken=null],[PinThePlace.DTOs.PinDto, api, Version=1.0.0.0, Culture=neutral, PublicKeyToken=null]]'.
2024-11-28 13:00:45.832 +01:00 [INF] Executed action PinThePlace.Controllers.PinAPIController.PinList (api) in 5.4229ms
2024-11-28 13:00:45.832 +01:00 [INF] Executed endpoint 'PinThePlace.Controllers.PinAPIController.PinList (api)'
2024-11-28 13:00:45.832 +01:00 [INF] Request finished HTTP/1.1 GET http://localhost:5056/api/pinapi/pinlist - 200 1709 application/json; charset=utf-8 6.3816ms
2024-11-28 13:01:04.704 +01:00 [INF] Request starting HTTP/1.1 GET http://localhost:5056/api/pinapi/pinlist - null null
2024-11-28 13:01:04.704 +01:00 [INF] CORS policy execution successful.
2024-11-28 13:01:04.704 +01:00 [INF] Executing endpoint 'PinThePlace.Controllers.PinAPIController.PinList (api)'
2024-11-28 13:01:04.704 +01:00 [INF] Route matched with {action = "PinList", controller = "PinAPI"}. Executing controller action with signature System.Threading.Tasks.Task`1[Microsoft.AspNetCore.Mvc.IActionResult] PinList() on controller PinThePlace.Controllers.PinAPIController (api).
2024-11-28 13:01:04.707 +01:00 [INF] Executing OkObjectResult, writing value of type 'System.Linq.Enumerable+SelectListIterator`2[[PinThePlace.Models.Pin, api, Version=1.0.0.0, Culture=neutral, PublicKeyToken=null],[PinThePlace.DTOs.PinDto, api, Version=1.0.0.0, Culture=neutral, PublicKeyToken=null]]'.
2024-11-28 13:01:04.708 +01:00 [INF] Executed action PinThePlace.Controllers.PinAPIController.PinList (api) in 3.5517ms
2024-11-28 13:01:04.708 +01:00 [INF] Executed endpoint 'PinThePlace.Controllers.PinAPIController.PinList (api)'
2024-11-28 13:01:04.708 +01:00 [INF] Request finished HTTP/1.1 GET http://localhost:5056/api/pinapi/pinlist - 200 1709 application/json; charset=utf-8 4.2266ms
2024-11-28 13:01:04.711 +01:00 [INF] Request starting HTTP/1.1 GET http://localhost:5056/api/pinapi/pinlist - null null
2024-11-28 13:01:04.712 +01:00 [INF] CORS policy execution successful.
2024-11-28 13:01:04.712 +01:00 [INF] Executing endpoint 'PinThePlace.Controllers.PinAPIController.PinList (api)'
2024-11-28 13:01:04.712 +01:00 [INF] Route matched with {action = "PinList", controller = "PinAPI"}. Executing controller action with signature System.Threading.Tasks.Task`1[Microsoft.AspNetCore.Mvc.IActionResult] PinList() on controller PinThePlace.Controllers.PinAPIController (api).
2024-11-28 13:01:04.717 +01:00 [INF] Executing OkObjectResult, writing value of type 'System.Linq.Enumerable+SelectListIterator`2[[PinThePlace.Models.Pin, api, Version=1.0.0.0, Culture=neutral, PublicKeyToken=null],[PinThePlace.DTOs.PinDto, api, Version=1.0.0.0, Culture=neutral, PublicKeyToken=null]]'.
2024-11-28 13:01:04.718 +01:00 [INF] Executed action PinThePlace.Controllers.PinAPIController.PinList (api) in 5.6637ms
2024-11-28 13:01:04.718 +01:00 [INF] Executed endpoint 'PinThePlace.Controllers.PinAPIController.PinList (api)'
2024-11-28 13:01:04.718 +01:00 [INF] Request finished HTTP/1.1 GET http://localhost:5056/api/pinapi/pinlist - 200 1709 application/json; charset=utf-8 6.8431ms
2024-11-28 13:01:05.821 +01:00 [INF] Request starting HTTP/1.1 GET http://localhost:5056/api/userapi/userlist - null null
2024-11-28 13:01:05.822 +01:00 [INF] CORS policy execution successful.
2024-11-28 13:01:05.822 +01:00 [INF] Request finished HTTP/1.1 GET http://localhost:5056/api/userapi/userlist - 404 0 null 0.4263ms
2024-11-28 13:01:05.822 +01:00 [INF] Request reached the end of the middleware pipeline without being handled by application code. Request path: GET http://localhost:5056/api/userapi/userlist, Response status code: 404
2024-11-28 13:01:05.827 +01:00 [INF] Request starting HTTP/1.1 GET http://localhost:5056/api/userapi/userlist - null null
2024-11-28 13:01:05.827 +01:00 [INF] CORS policy execution successful.
2024-11-28 13:01:05.827 +01:00 [INF] Request finished HTTP/1.1 GET http://localhost:5056/api/userapi/userlist - 404 0 null 0.2921ms
2024-11-28 13:01:05.827 +01:00 [INF] Request reached the end of the middleware pipeline without being handled by application code. Request path: GET http://localhost:5056/api/userapi/userlist, Response status code: 404
2024-11-28 13:01:09.255 +01:00 [INF] Request starting HTTP/1.1 GET http://localhost:5056/api/userapi/userlist - null null
2024-11-28 13:01:09.255 +01:00 [INF] CORS policy execution successful.
2024-11-28 13:01:09.256 +01:00 [INF] Request finished HTTP/1.1 GET http://localhost:5056/api/userapi/userlist - 404 0 null 0.5037ms
2024-11-28 13:01:09.256 +01:00 [INF] Request reached the end of the middleware pipeline without being handled by application code. Request path: GET http://localhost:5056/api/userapi/userlist, Response status code: 404
2024-11-28 13:01:09.258 +01:00 [INF] Request starting HTTP/1.1 GET http://localhost:5056/api/userapi/userlist - null null
2024-11-28 13:01:09.258 +01:00 [INF] CORS policy execution successful.
2024-11-28 13:01:09.259 +01:00 [INF] Request finished HTTP/1.1 GET http://localhost:5056/api/userapi/userlist - 404 0 null 0.6691ms
2024-11-28 13:01:09.259 +01:00 [INF] Request reached the end of the middleware pipeline without being handled by application code. Request path: GET http://localhost:5056/api/userapi/userlist, Response status code: 404
2024-11-28 13:01:10.457 +01:00 [INF] Request starting HTTP/1.1 GET http://localhost:5056/api/pinapi/pinlist - null null
2024-11-28 13:01:10.458 +01:00 [INF] CORS policy execution successful.
2024-11-28 13:01:10.458 +01:00 [INF] Executing endpoint 'PinThePlace.Controllers.PinAPIController.PinList (api)'
2024-11-28 13:01:10.458 +01:00 [INF] Route matched with {action = "PinList", controller = "PinAPI"}. Executing controller action with signature System.Threading.Tasks.Task`1[Microsoft.AspNetCore.Mvc.IActionResult] PinList() on controller PinThePlace.Controllers.PinAPIController (api).
2024-11-28 13:01:10.462 +01:00 [INF] Executing OkObjectResult, writing value of type 'System.Linq.Enumerable+SelectListIterator`2[[PinThePlace.Models.Pin, api, Version=1.0.0.0, Culture=neutral, PublicKeyToken=null],[PinThePlace.DTOs.PinDto, api, Version=1.0.0.0, Culture=neutral, PublicKeyToken=null]]'.
2024-11-28 13:01:10.463 +01:00 [INF] Executed action PinThePlace.Controllers.PinAPIController.PinList (api) in 4.4018ms
2024-11-28 13:01:10.463 +01:00 [INF] Executed endpoint 'PinThePlace.Controllers.PinAPIController.PinList (api)'
2024-11-28 13:01:10.463 +01:00 [INF] Request finished HTTP/1.1 GET http://localhost:5056/api/pinapi/pinlist - 200 1709 application/json; charset=utf-8 6.095ms
2024-11-28 13:01:10.464 +01:00 [INF] Request starting HTTP/1.1 GET http://localhost:5056/api/pinapi/pinlist - null null
2024-11-28 13:01:10.465 +01:00 [INF] CORS policy execution successful.
2024-11-28 13:01:10.465 +01:00 [INF] Executing endpoint 'PinThePlace.Controllers.PinAPIController.PinList (api)'
2024-11-28 13:01:10.465 +01:00 [INF] Route matched with {action = "PinList", controller = "PinAPI"}. Executing controller action with signature System.Threading.Tasks.Task`1[Microsoft.AspNetCore.Mvc.IActionResult] PinList() on controller PinThePlace.Controllers.PinAPIController (api).
2024-11-28 13:01:10.470 +01:00 [INF] Executing OkObjectResult, writing value of type 'System.Linq.Enumerable+SelectListIterator`2[[PinThePlace.Models.Pin, api, Version=1.0.0.0, Culture=neutral, PublicKeyToken=null],[PinThePlace.DTOs.PinDto, api, Version=1.0.0.0, Culture=neutral, PublicKeyToken=null]]'.
2024-11-28 13:01:10.471 +01:00 [INF] Executed action PinThePlace.Controllers.PinAPIController.PinList (api) in 5.7076ms
2024-11-28 13:01:10.471 +01:00 [INF] Executed endpoint 'PinThePlace.Controllers.PinAPIController.PinList (api)'
2024-11-28 13:01:10.471 +01:00 [INF] Request finished HTTP/1.1 GET http://localhost:5056/api/pinapi/pinlist - 200 1709 application/json; charset=utf-8 6.7647ms
2024-11-28 13:01:11.656 +01:00 [INF] Request starting HTTP/1.1 GET http://localhost:5056/api/userapi/userlist - null null
2024-11-28 13:01:11.656 +01:00 [INF] CORS policy execution successful.
2024-11-28 13:01:11.656 +01:00 [INF] Request finished HTTP/1.1 GET http://localhost:5056/api/userapi/userlist - 404 0 null 0.359ms
2024-11-28 13:01:11.656 +01:00 [INF] Request reached the end of the middleware pipeline without being handled by application code. Request path: GET http://localhost:5056/api/userapi/userlist, Response status code: 404
2024-11-28 13:01:11.657 +01:00 [INF] Request starting HTTP/1.1 GET http://localhost:5056/api/userapi/userlist - null null
2024-11-28 13:01:11.657 +01:00 [INF] CORS policy execution successful.
2024-11-28 13:01:11.657 +01:00 [INF] Request finished HTTP/1.1 GET http://localhost:5056/api/userapi/userlist - 404 0 null 0.2516ms
2024-11-28 13:01:11.657 +01:00 [INF] Request reached the end of the middleware pipeline without being handled by application code. Request path: GET http://localhost:5056/api/userapi/userlist, Response status code: 404
2024-11-28 13:01:41.033 +01:00 [INF] Request starting HTTP/1.1 GET http://localhost:5056/api/pinapi/pinlist - null null
2024-11-28 13:01:41.034 +01:00 [INF] CORS policy execution successful.
2024-11-28 13:01:41.034 +01:00 [INF] Executing endpoint 'PinThePlace.Controllers.PinAPIController.PinList (api)'
2024-11-28 13:01:41.034 +01:00 [INF] Route matched with {action = "PinList", controller = "PinAPI"}. Executing controller action with signature System.Threading.Tasks.Task`1[Microsoft.AspNetCore.Mvc.IActionResult] PinList() on controller PinThePlace.Controllers.PinAPIController (api).
2024-11-28 13:01:41.044 +01:00 [INF] Executing OkObjectResult, writing value of type 'System.Linq.Enumerable+SelectListIterator`2[[PinThePlace.Models.Pin, api, Version=1.0.0.0, Culture=neutral, PublicKeyToken=null],[PinThePlace.DTOs.PinDto, api, Version=1.0.0.0, Culture=neutral, PublicKeyToken=null]]'.
2024-11-28 13:01:41.044 +01:00 [INF] Executed action PinThePlace.Controllers.PinAPIController.PinList (api) in 10.2338ms
2024-11-28 13:01:41.044 +01:00 [INF] Executed endpoint 'PinThePlace.Controllers.PinAPIController.PinList (api)'
2024-11-28 13:01:41.045 +01:00 [INF] Request finished HTTP/1.1 GET http://localhost:5056/api/pinapi/pinlist - 200 1709 application/json; charset=utf-8 11.465ms
2024-11-28 13:01:41.045 +01:00 [INF] Request starting HTTP/1.1 GET http://localhost:5056/api/pinapi/pinlist - null null
2024-11-28 13:01:41.046 +01:00 [INF] CORS policy execution successful.
2024-11-28 13:01:41.046 +01:00 [INF] Executing endpoint 'PinThePlace.Controllers.PinAPIController.PinList (api)'
2024-11-28 13:01:41.046 +01:00 [INF] Route matched with {action = "PinList", controller = "PinAPI"}. Executing controller action with signature System.Threading.Tasks.Task`1[Microsoft.AspNetCore.Mvc.IActionResult] PinList() on controller PinThePlace.Controllers.PinAPIController (api).
2024-11-28 13:01:41.050 +01:00 [INF] Executing OkObjectResult, writing value of type 'System.Linq.Enumerable+SelectListIterator`2[[PinThePlace.Models.Pin, api, Version=1.0.0.0, Culture=neutral, PublicKeyToken=null],[PinThePlace.DTOs.PinDto, api, Version=1.0.0.0, Culture=neutral, PublicKeyToken=null]]'.
2024-11-28 13:01:41.050 +01:00 [INF] Executed action PinThePlace.Controllers.PinAPIController.PinList (api) in 4.0248ms
2024-11-28 13:01:41.050 +01:00 [INF] Executed endpoint 'PinThePlace.Controllers.PinAPIController.PinList (api)'
2024-11-28 13:01:41.050 +01:00 [INF] Request finished HTTP/1.1 GET http://localhost:5056/api/pinapi/pinlist - 200 1709 application/json; charset=utf-8 4.708ms
2024-11-28 13:01:41.051 +01:00 [INF] Request starting HTTP/1.1 GET http://localhost:5056/api/pinapi/pinlist - null null
2024-11-28 13:01:41.051 +01:00 [INF] CORS policy execution successful.
2024-11-28 13:01:41.051 +01:00 [INF] Executing endpoint 'PinThePlace.Controllers.PinAPIController.PinList (api)'
2024-11-28 13:01:41.051 +01:00 [INF] Route matched with {action = "PinList", controller = "PinAPI"}. Executing controller action with signature System.Threading.Tasks.Task`1[Microsoft.AspNetCore.Mvc.IActionResult] PinList() on controller PinThePlace.Controllers.PinAPIController (api).
2024-11-28 13:01:41.057 +01:00 [INF] Executing OkObjectResult, writing value of type 'System.Linq.Enumerable+SelectListIterator`2[[PinThePlace.Models.Pin, api, Version=1.0.0.0, Culture=neutral, PublicKeyToken=null],[PinThePlace.DTOs.PinDto, api, Version=1.0.0.0, Culture=neutral, PublicKeyToken=null]]'.
2024-11-28 13:01:41.058 +01:00 [INF] Executed action PinThePlace.Controllers.PinAPIController.PinList (api) in 6.1472ms
2024-11-28 13:01:41.058 +01:00 [INF] Executed endpoint 'PinThePlace.Controllers.PinAPIController.PinList (api)'
2024-11-28 13:01:41.058 +01:00 [INF] Request finished HTTP/1.1 GET http://localhost:5056/api/pinapi/pinlist - 200 1709 application/json; charset=utf-8 6.909ms
2024-11-28 13:01:41.059 +01:00 [INF] Request starting HTTP/1.1 GET http://localhost:5056/api/pinapi/pinlist - null null
2024-11-28 13:01:41.059 +01:00 [INF] CORS policy execution successful.
2024-11-28 13:01:41.059 +01:00 [INF] Executing endpoint 'PinThePlace.Controllers.PinAPIController.PinList (api)'
2024-11-28 13:01:41.059 +01:00 [INF] Route matched with {action = "PinList", controller = "PinAPI"}. Executing controller action with signature System.Threading.Tasks.Task`1[Microsoft.AspNetCore.Mvc.IActionResult] PinList() on controller PinThePlace.Controllers.PinAPIController (api).
2024-11-28 13:01:41.065 +01:00 [INF] Executing OkObjectResult, writing value of type 'System.Linq.Enumerable+SelectListIterator`2[[PinThePlace.Models.Pin, api, Version=1.0.0.0, Culture=neutral, PublicKeyToken=null],[PinThePlace.DTOs.PinDto, api, Version=1.0.0.0, Culture=neutral, PublicKeyToken=null]]'.
2024-11-28 13:01:41.066 +01:00 [INF] Executed action PinThePlace.Controllers.PinAPIController.PinList (api) in 6.306ms
2024-11-28 13:01:41.066 +01:00 [INF] Executed endpoint 'PinThePlace.Controllers.PinAPIController.PinList (api)'
2024-11-28 13:01:41.066 +01:00 [INF] Request finished HTTP/1.1 GET http://localhost:5056/api/pinapi/pinlist - 200 1709 application/json; charset=utf-8 7.2753ms
2024-11-28 13:01:42.870 +01:00 [INF] Request starting HTTP/1.1 GET http://localhost:5056/api/userapi/userlist - null null
2024-11-28 13:01:42.870 +01:00 [INF] CORS policy execution successful.
2024-11-28 13:01:42.870 +01:00 [INF] Request finished HTTP/1.1 GET http://localhost:5056/api/userapi/userlist - 404 0 null 0.3211ms
2024-11-28 13:01:42.870 +01:00 [INF] Request reached the end of the middleware pipeline without being handled by application code. Request path: GET http://localhost:5056/api/userapi/userlist, Response status code: 404
2024-11-28 13:01:42.873 +01:00 [INF] Request starting HTTP/1.1 GET http://localhost:5056/api/userapi/userlist - null null
2024-11-28 13:01:42.873 +01:00 [INF] CORS policy execution successful.
2024-11-28 13:01:42.873 +01:00 [INF] Request finished HTTP/1.1 GET http://localhost:5056/api/userapi/userlist - 404 0 null 0.2462ms
2024-11-28 13:01:42.873 +01:00 [INF] Request reached the end of the middleware pipeline without being handled by application code. Request path: GET http://localhost:5056/api/userapi/userlist, Response status code: 404
