2024-11-26 16:49:34.362 +01:00 [INF] User profile is available. Using 'C:\Users\there\AppData\Local\ASP.NET\DataProtection-Keys' as key repository and Windows DPAPI to encrypt keys at rest.
2024-11-26 16:49:34.506 +01:00 [WRN] The ASP.NET Core developer certificate is not trusted. For information about trusting the ASP.NET Core developer certificate, see https://aka.ms/aspnet/https-trust-dev-cert.
2024-11-26 16:49:34.546 +01:00 [INF] Now listening on: https://localhost:7024
2024-11-26 16:49:34.549 +01:00 [INF] Now listening on: http://localhost:5056
2024-11-26 16:49:34.559 +01:00 [INF] Application started. Press Ctrl+C to shut down.
2024-11-26 16:49:34.599 +01:00 [INF] Hosting environment: Development
2024-11-26 16:49:34.602 +01:00 [INF] Content root path: C:\Users\there\Documents\GitHub\PinThePlace_React\api
2024-11-26 16:49:34.704 +01:00 [INF] Request starting HTTP/1.1 GET http://localhost:5056/api/pinapi/pinlist - null null
2024-11-26 16:49:34.769 +01:00 [INF] CORS policy execution successful.
2024-11-26 16:49:34.772 +01:00 [INF] Executing endpoint 'PinThePlace.Controllers.PinAPIController.PinList (api)'
2024-11-26 16:49:34.794 +01:00 [INF] Route matched with {action = "PinList", controller = "PinAPI"}. Executing controller action with signature System.Threading.Tasks.Task`1[Microsoft.AspNetCore.Mvc.IActionResult] PinList() on controller PinThePlace.Controllers.PinAPIController (api).
2024-11-26 16:49:34.892 +01:00 [INF] Executing OkObjectResult, writing value of type 'System.Linq.Enumerable+SelectListIterator`2[[PinThePlace.Models.Pin, api, Version=1.0.0.0, Culture=neutral, PublicKeyToken=null],[PinThePlace.DTOs.PinDto, api, Version=1.0.0.0, Culture=neutral, PublicKeyToken=null]]'.
2024-11-26 16:49:35.051 +01:00 [INF] Executed action PinThePlace.Controllers.PinAPIController.PinList (api) in 250.6555ms
2024-11-26 16:49:35.052 +01:00 [INF] Executed endpoint 'PinThePlace.Controllers.PinAPIController.PinList (api)'
2024-11-26 16:49:35.063 +01:00 [INF] Request finished HTTP/1.1 GET http://localhost:5056/api/pinapi/pinlist - 200 1721 application/json; charset=utf-8 363.197ms
2024-11-26 16:49:35.073 +01:00 [INF] Request starting HTTP/1.1 GET http://localhost:5056/api/pinapi/pinlist - null null
2024-11-26 16:49:35.090 +01:00 [INF] CORS policy execution successful.
2024-11-26 16:49:35.090 +01:00 [INF] Executing endpoint 'PinThePlace.Controllers.PinAPIController.PinList (api)'
2024-11-26 16:49:35.091 +01:00 [INF] Route matched with {action = "PinList", controller = "PinAPI"}. Executing controller action with signature System.Threading.Tasks.Task`1[Microsoft.AspNetCore.Mvc.IActionResult] PinList() on controller PinThePlace.Controllers.PinAPIController (api).
2024-11-26 16:49:35.161 +01:00 [INF] Executing OkObjectResult, writing value of type 'System.Linq.Enumerable+SelectListIterator`2[[PinThePlace.Models.Pin, api, Version=1.0.0.0, Culture=neutral, PublicKeyToken=null],[PinThePlace.DTOs.PinDto, api, Version=1.0.0.0, Culture=neutral, PublicKeyToken=null]]'.
2024-11-26 16:49:35.161 +01:00 [INF] Executed action PinThePlace.Controllers.PinAPIController.PinList (api) in 69.7241ms
2024-11-26 16:49:35.161 +01:00 [INF] Executed endpoint 'PinThePlace.Controllers.PinAPIController.PinList (api)'
2024-11-26 16:49:35.162 +01:00 [INF] Request finished HTTP/1.1 GET http://localhost:5056/api/pinapi/pinlist - 200 1721 application/json; charset=utf-8 89.1881ms
