2024-11-26 16:38:56.709 +01:00 [INF] User profile is available. Using 'C:\Users\there\AppData\Local\ASP.NET\DataProtection-Keys' as key repository and Windows DPAPI to encrypt keys at rest.
2024-11-26 16:38:56.817 +01:00 [WRN] The ASP.NET Core developer certificate is not trusted. For information about trusting the ASP.NET Core developer certificate, see https://aka.ms/aspnet/https-trust-dev-cert.
2024-11-26 16:38:56.889 +01:00 [INF] Now listening on: https://localhost:7024
2024-11-26 16:38:56.891 +01:00 [INF] Now listening on: http://localhost:5056
2024-11-26 16:38:56.899 +01:00 [INF] Application started. Press Ctrl+C to shut down.
2024-11-26 16:38:56.903 +01:00 [INF] Hosting environment: Development
2024-11-26 16:38:56.904 +01:00 [INF] Content root path: C:\Users\there\Documents\GitHub\PinThePlace_React\api
2024-11-26 16:39:06.306 +01:00 [INF] Request starting HTTP/1.1 GET http://localhost:5056/api/pinapi/pinlist - null null
2024-11-26 16:39:06.368 +01:00 [INF] CORS policy execution successful.
2024-11-26 16:39:06.374 +01:00 [INF] Executing endpoint 'PinThePlace.Controllers.PinAPIController.PinList (api)'
2024-11-26 16:39:06.407 +01:00 [INF] Route matched with {action = "PinList", controller = "PinAPI"}. Executing controller action with signature System.Threading.Tasks.Task`1[Microsoft.AspNetCore.Mvc.IActionResult] PinList() on controller PinThePlace.Controllers.PinAPIController (api).
2024-11-26 16:39:06.511 +01:00 [INF] Executing OkObjectResult, writing value of type 'System.Linq.Enumerable+SelectListIterator`2[[PinThePlace.Models.Pin, api, Version=1.0.0.0, Culture=neutral, PublicKeyToken=null],[PinThePlace.DTOs.PinDto, api, Version=1.0.0.0, Culture=neutral, PublicKeyToken=null]]'.
2024-11-26 16:39:06.672 +01:00 [INF] Executed action PinThePlace.Controllers.PinAPIController.PinList (api) in 260.3238ms
2024-11-26 16:39:06.673 +01:00 [INF] Executed endpoint 'PinThePlace.Controllers.PinAPIController.PinList (api)'
2024-11-26 16:39:06.678 +01:00 [INF] Request finished HTTP/1.1 GET http://localhost:5056/api/pinapi/pinlist - 200 1709 application/json; charset=utf-8 374.2293ms
2024-11-26 16:39:06.681 +01:00 [INF] Request starting HTTP/1.1 GET http://localhost:5056/api/pinapi/pinlist - null null
2024-11-26 16:39:06.688 +01:00 [INF] CORS policy execution successful.
2024-11-26 16:39:06.688 +01:00 [INF] Executing endpoint 'PinThePlace.Controllers.PinAPIController.PinList (api)'
2024-11-26 16:39:06.688 +01:00 [INF] Route matched with {action = "PinList", controller = "PinAPI"}. Executing controller action with signature System.Threading.Tasks.Task`1[Microsoft.AspNetCore.Mvc.IActionResult] PinList() on controller PinThePlace.Controllers.PinAPIController (api).
2024-11-26 16:39:06.770 +01:00 [INF] Executing OkObjectResult, writing value of type 'System.Linq.Enumerable+SelectListIterator`2[[PinThePlace.Models.Pin, api, Version=1.0.0.0, Culture=neutral, PublicKeyToken=null],[PinThePlace.DTOs.PinDto, api, Version=1.0.0.0, Culture=neutral, PublicKeyToken=null]]'.
2024-11-26 16:39:06.771 +01:00 [INF] Executed action PinThePlace.Controllers.PinAPIController.PinList (api) in 82.7092ms
2024-11-26 16:39:06.771 +01:00 [INF] Executed endpoint 'PinThePlace.Controllers.PinAPIController.PinList (api)'
2024-11-26 16:39:06.772 +01:00 [INF] Request finished HTTP/1.1 GET http://localhost:5056/api/pinapi/pinlist - 200 1709 application/json; charset=utf-8 90.7903ms
