2024-11-26 14:41:23.267 +01:00 [INF] User profile is available. Using 'C:\Users\there\AppData\Local\ASP.NET\DataProtection-Keys' as key repository and Windows DPAPI to encrypt keys at rest.
2024-11-26 14:41:23.406 +01:00 [WRN] The ASP.NET Core developer certificate is not trusted. For information about trusting the ASP.NET Core developer certificate, see https://aka.ms/aspnet/https-trust-dev-cert.
2024-11-26 14:41:23.454 +01:00 [INF] Now listening on: https://localhost:7024
2024-11-26 14:41:23.457 +01:00 [INF] Now listening on: http://localhost:5056
2024-11-26 14:41:23.498 +01:00 [INF] Application started. Press Ctrl+C to shut down.
2024-11-26 14:41:23.509 +01:00 [INF] Hosting environment: Development
2024-11-26 14:41:23.512 +01:00 [INF] Content root path: C:\Users\there\Documents\GitHub\pintheplace_react\api
2024-11-26 14:41:23.633 +01:00 [INF] Request starting HTTP/1.1 GET http://localhost:5056/swagger/index.html - null null
2024-11-26 14:41:23.722 +01:00 [INF] Request finished HTTP/1.1 GET http://localhost:5056/swagger/index.html - 200 null text/html;charset=utf-8 89.6011ms
2024-11-26 14:41:23.857 +01:00 [INF] Request starting HTTP/1.1 GET http://localhost:5056/swagger/v1/swagger.json - null null
2024-11-26 14:41:23.925 +01:00 [INF] Request finished HTTP/1.1 GET http://localhost:5056/swagger/v1/swagger.json - 200 null application/json;charset=utf-8 67.7441ms
2024-11-26 14:41:28.259 +01:00 [INF] Request starting HTTP/1.1 GET http://localhost:5056/api/PinAPI/pinlist - null null
2024-11-26 14:41:28.284 +01:00 [INF] Executing endpoint 'PinThePlace.Controllers.PinAPIController.PinList (api)'
2024-11-26 14:41:28.306 +01:00 [INF] Route matched with {action = "PinList", controller = "PinAPI"}. Executing controller action with signature System.Threading.Tasks.Task`1[Microsoft.AspNetCore.Mvc.IActionResult] PinList() on controller PinThePlace.Controllers.PinAPIController (api).
2024-11-26 14:41:28.640 +01:00 [INF] Executing OkObjectResult, writing value of type 'System.Collections.Generic.List`1[[PinThePlace.Models.Pin, api, Version=1.0.0.0, Culture=neutral, PublicKeyToken=null]]'.
2024-11-26 14:41:28.721 +01:00 [INF] Executed action PinThePlace.Controllers.PinAPIController.PinList (api) in 410.4406ms
2024-11-26 14:41:28.722 +01:00 [INF] Executed endpoint 'PinThePlace.Controllers.PinAPIController.PinList (api)'
2024-11-26 14:41:28.726 +01:00 [INF] Request finished HTTP/1.1 GET http://localhost:5056/api/PinAPI/pinlist - 200 2 application/json; charset=utf-8 466.2751ms
2024-11-26 14:41:36.077 +01:00 [INF] Request starting HTTP/1.1 GET http://localhost:5056/swagger/index.html - null null
2024-11-26 14:41:36.078 +01:00 [INF] Request finished HTTP/1.1 GET http://localhost:5056/swagger/index.html - 200 null text/html;charset=utf-8 1.3382ms
2024-11-26 14:41:36.102 +01:00 [INF] Request starting HTTP/1.1 GET http://localhost:5056/swagger/swagger-ui.css - null null
2024-11-26 14:41:36.112 +01:00 [INF] Request starting HTTP/1.1 GET http://localhost:5056/swagger/swagger-ui-bundle.js - null null
2024-11-26 14:41:36.112 +01:00 [INF] Request starting HTTP/1.1 GET http://localhost:5056/swagger/swagger-ui-standalone-preset.js - null null
2024-11-26 14:41:36.195 +01:00 [INF] Sending file. Request path: '/swagger-ui.css'. Physical path: 'N/A'
2024-11-26 14:41:36.195 +01:00 [INF] Sending file. Request path: '/swagger-ui-standalone-preset.js'. Physical path: 'N/A'
2024-11-26 14:41:36.198 +01:00 [INF] Sending file. Request path: '/swagger-ui-bundle.js'. Physical path: 'N/A'
2024-11-26 14:41:36.200 +01:00 [INF] Request finished HTTP/1.1 GET http://localhost:5056/swagger/swagger-ui-bundle.js - 200 1096145 text/javascript 87.3406ms
2024-11-26 14:41:36.200 +01:00 [INF] Request finished HTTP/1.1 GET http://localhost:5056/swagger/swagger-ui-standalone-preset.js - 200 339486 text/javascript 87.2561ms
2024-11-26 14:41:36.200 +01:00 [INF] Request finished HTTP/1.1 GET http://localhost:5056/swagger/swagger-ui.css - 200 143943 text/css 97.4211ms
2024-11-26 14:41:36.375 +01:00 [INF] Request starting HTTP/1.1 GET http://localhost:5056/swagger/v1/swagger.json - null null
2024-11-26 14:41:36.382 +01:00 [INF] Request finished HTTP/1.1 GET http://localhost:5056/swagger/v1/swagger.json - 200 null application/json;charset=utf-8 6.7937ms
2024-11-26 14:41:36.394 +01:00 [INF] Request starting HTTP/1.1 GET http://localhost:5056/swagger/favicon-32x32.png - null null
2024-11-26 14:41:36.397 +01:00 [INF] Sending file. Request path: '/favicon-32x32.png'. Physical path: 'N/A'
2024-11-26 14:41:36.398 +01:00 [INF] Request finished HTTP/1.1 GET http://localhost:5056/swagger/favicon-32x32.png - 200 628 image/png 3.2433ms
2024-11-26 14:41:41.050 +01:00 [INF] Request starting HTTP/1.1 GET http://localhost:5056/api/PinAPI/pinlist - null null
2024-11-26 14:41:41.052 +01:00 [INF] Executing endpoint 'PinThePlace.Controllers.PinAPIController.PinList (api)'
2024-11-26 14:41:41.052 +01:00 [INF] Route matched with {action = "PinList", controller = "PinAPI"}. Executing controller action with signature System.Threading.Tasks.Task`1[Microsoft.AspNetCore.Mvc.IActionResult] PinList() on controller PinThePlace.Controllers.PinAPIController (api).
2024-11-26 14:41:41.114 +01:00 [INF] Executing OkObjectResult, writing value of type 'System.Collections.Generic.List`1[[PinThePlace.Models.Pin, api, Version=1.0.0.0, Culture=neutral, PublicKeyToken=null]]'.
2024-11-26 14:41:41.114 +01:00 [INF] Executed action PinThePlace.Controllers.PinAPIController.PinList (api) in 61.9696ms
2024-11-26 14:41:41.114 +01:00 [INF] Executed endpoint 'PinThePlace.Controllers.PinAPIController.PinList (api)'
2024-11-26 14:41:41.114 +01:00 [INF] Request finished HTTP/1.1 GET http://localhost:5056/api/PinAPI/pinlist - 200 2 application/json; charset=utf-8 64.7325ms
