2024-11-26 14:29:03.292 +01:00 [WRN] The ASP.NET Core developer certificate is not trusted. For information about trusting the ASP.NET Core developer certificate, see https://aka.ms/aspnet/https-trust-dev-cert.
2024-11-26 14:29:03.361 +01:00 [INF] Now listening on: https://localhost:7024
2024-11-26 14:29:03.363 +01:00 [INF] Now listening on: http://localhost:5056
2024-11-26 14:29:03.371 +01:00 [INF] Application started. Press Ctrl+C to shut down.
2024-11-26 14:29:03.374 +01:00 [INF] Hosting environment: Development
2024-11-26 14:29:03.375 +01:00 [INF] Content root path: C:\Users\there\Documents\GitHub\pintheplace_react\api
2024-11-26 14:29:11.181 +01:00 [INF] Request starting HTTP/1.1 GET http://localhost:5056/swagger/index.html - null null
2024-11-26 14:29:11.267 +01:00 [INF] Request finished HTTP/1.1 GET http://localhost:5056/swagger/index.html - 200 null text/html;charset=utf-8 87.1032ms
2024-11-26 14:29:11.365 +01:00 [INF] Request starting HTTP/1.1 GET http://localhost:5056/swagger/v1/swagger.json - null null
2024-11-26 14:29:11.438 +01:00 [INF] Request finished HTTP/1.1 GET http://localhost:5056/swagger/v1/swagger.json - 200 null application/json;charset=utf-8 72.6367ms
2024-11-26 14:29:15.447 +01:00 [INF] Request starting HTTP/1.1 GET http://localhost:5056/api/PinAPI/pinlist - null null
2024-11-26 14:29:15.473 +01:00 [INF] Executing endpoint 'PinThePlace.Controllers.PinAPIController.PinList (api)'
2024-11-26 14:29:15.496 +01:00 [INF] Route matched with {action = "PinList", controller = "PinAPI"}. Executing controller action with signature System.Threading.Tasks.Task`1[Microsoft.AspNetCore.Mvc.IActionResult] PinList() on controller PinThePlace.Controllers.PinAPIController (api).
2024-11-26 14:29:15.515 +01:00 [INF] Executed action PinThePlace.Controllers.PinAPIController.PinList (api) in 15.0568ms
2024-11-26 14:29:15.515 +01:00 [INF] Executed endpoint 'PinThePlace.Controllers.PinAPIController.PinList (api)'
2024-11-26 14:29:15.550 +01:00 [ERR] An unhandled exception has occurred while executing the request.
System.InvalidOperationException: Unable to resolve service for type 'Microsoft.AspNetCore.Identity.UserManager`1[PinThePlace.Models.User]' while attempting to activate 'PinThePlace.Controllers.PinAPIController'.
   at Microsoft.Extensions.DependencyInjection.ActivatorUtilities.ThrowHelperUnableToResolveService(Type type, Type requiredBy)
   at lambda_method26(Closure, IServiceProvider, Object[])
   at Microsoft.AspNetCore.Mvc.Controllers.ControllerFactoryProvider.<>c__DisplayClass6_0.<CreateControllerFactory>g__CreateController|0(ControllerContext controllerContext)
   at Microsoft.AspNetCore.Mvc.Infrastructure.ControllerActionInvoker.Next(State& next, Scope& scope, Object& state, Boolean& isCompleted)
   at Microsoft.AspNetCore.Mvc.Infrastructure.ControllerActionInvoker.InvokeInnerFilterAsync()
--- End of stack trace from previous location ---
   at Microsoft.AspNetCore.Mvc.Infrastructure.ResourceInvoker.<InvokeFilterPipelineAsync>g__Awaited|20_0(ResourceInvoker invoker, Task lastTask, State next, Scope scope, Object state, Boolean isCompleted)
   at Microsoft.AspNetCore.Mvc.Infrastructure.ResourceInvoker.<InvokeAsync>g__Logged|17_1(ResourceInvoker invoker)
   at Microsoft.AspNetCore.Mvc.Infrastructure.ResourceInvoker.<InvokeAsync>g__Logged|17_1(ResourceInvoker invoker)
   at Microsoft.AspNetCore.Routing.EndpointMiddleware.<Invoke>g__AwaitRequestTask|7_0(Endpoint endpoint, Task requestTask, ILogger logger)
   at Swashbuckle.AspNetCore.SwaggerUI.SwaggerUIMiddleware.Invoke(HttpContext httpContext)
   at Swashbuckle.AspNetCore.Swagger.SwaggerMiddleware.Invoke(HttpContext httpContext, ISwaggerProvider swaggerProvider)
   at Microsoft.AspNetCore.Authorization.AuthorizationMiddleware.Invoke(HttpContext context)
   at Microsoft.AspNetCore.Authentication.AuthenticationMiddleware.Invoke(HttpContext context)
   at Microsoft.AspNetCore.Diagnostics.DeveloperExceptionPageMiddlewareImpl.Invoke(HttpContext context)
2024-11-26 14:29:15.557 +01:00 [INF] Request finished HTTP/1.1 GET http://localhost:5056/api/PinAPI/pinlist - 500 null text/plain; charset=utf-8 110.1198ms
