2024-11-26 16:58:24.126 +01:00 [INF] User profile is available. Using 'C:\Users\there\AppData\Local\ASP.NET\DataProtection-Keys' as key repository and Windows DPAPI to encrypt keys at rest.
2024-11-26 16:58:24.235 +01:00 [WRN] The ASP.NET Core developer certificate is not trusted. For information about trusting the ASP.NET Core developer certificate, see https://aka.ms/aspnet/https-trust-dev-cert.
2024-11-26 16:58:24.285 +01:00 [INF] Now listening on: https://localhost:7024
2024-11-26 16:58:24.287 +01:00 [INF] Now listening on: http://localhost:5056
2024-11-26 16:58:24.295 +01:00 [INF] Application started. Press Ctrl+C to shut down.
2024-11-26 16:58:24.300 +01:00 [INF] Hosting environment: Development
2024-11-26 16:58:24.303 +01:00 [INF] Content root path: C:\Users\there\Documents\GitHub\PinThePlace_React\api
2024-11-26 16:58:26.758 +01:00 [INF] Request starting HTTP/1.1 GET http://localhost:5056/api/pinapi/pinlist - null null
2024-11-26 16:58:26.897 +01:00 [INF] CORS policy execution successful.
2024-11-26 16:58:26.900 +01:00 [INF] Executing endpoint 'PinThePlace.Controllers.PinAPIController.PinList (api)'
2024-11-26 16:58:26.934 +01:00 [INF] Route matched with {action = "PinList", controller = "PinAPI"}. Executing controller action with signature System.Threading.Tasks.Task`1[Microsoft.AspNetCore.Mvc.IActionResult] PinList() on controller PinThePlace.Controllers.PinAPIController (api).
2024-11-26 16:58:27.035 +01:00 [INF] Executing OkObjectResult, writing value of type 'System.Linq.Enumerable+SelectListIterator`2[[PinThePlace.Models.Pin, api, Version=1.0.0.0, Culture=neutral, PublicKeyToken=null],[PinThePlace.DTOs.PinDto, api, Version=1.0.0.0, Culture=neutral, PublicKeyToken=null]]'.
2024-11-26 16:58:27.155 +01:00 [INF] Executed action PinThePlace.Controllers.PinAPIController.PinList (api) in 216.4157ms
2024-11-26 16:58:27.156 +01:00 [INF] Executed endpoint 'PinThePlace.Controllers.PinAPIController.PinList (api)'
2024-11-26 16:58:27.164 +01:00 [INF] Request finished HTTP/1.1 GET http://localhost:5056/api/pinapi/pinlist - 200 1706 application/json; charset=utf-8 409.219ms
2024-11-26 16:58:27.168 +01:00 [INF] Request starting HTTP/1.1 GET http://localhost:5056/api/pinapi/pinlist - null null
2024-11-26 16:58:27.174 +01:00 [INF] CORS policy execution successful.
2024-11-26 16:58:27.175 +01:00 [INF] Executing endpoint 'PinThePlace.Controllers.PinAPIController.PinList (api)'
2024-11-26 16:58:27.175 +01:00 [INF] Route matched with {action = "PinList", controller = "PinAPI"}. Executing controller action with signature System.Threading.Tasks.Task`1[Microsoft.AspNetCore.Mvc.IActionResult] PinList() on controller PinThePlace.Controllers.PinAPIController (api).
2024-11-26 16:58:27.241 +01:00 [INF] Executing OkObjectResult, writing value of type 'System.Linq.Enumerable+SelectListIterator`2[[PinThePlace.Models.Pin, api, Version=1.0.0.0, Culture=neutral, PublicKeyToken=null],[PinThePlace.DTOs.PinDto, api, Version=1.0.0.0, Culture=neutral, PublicKeyToken=null]]'.
2024-11-26 16:58:27.242 +01:00 [INF] Executed action PinThePlace.Controllers.PinAPIController.PinList (api) in 66.0916ms
2024-11-26 16:58:27.242 +01:00 [INF] Executed endpoint 'PinThePlace.Controllers.PinAPIController.PinList (api)'
2024-11-26 16:58:27.242 +01:00 [INF] Request finished HTTP/1.1 GET http://localhost:5056/api/pinapi/pinlist - 200 1706 application/json; charset=utf-8 74.2206ms
