2024-11-26 16:48:18.827 +01:00 [INF] User profile is available. Using 'C:\Users\there\AppData\Local\ASP.NET\DataProtection-Keys' as key repository and Windows DPAPI to encrypt keys at rest.
2024-11-26 16:48:18.978 +01:00 [WRN] The ASP.NET Core developer certificate is not trusted. For information about trusting the ASP.NET Core developer certificate, see https://aka.ms/aspnet/https-trust-dev-cert.
2024-11-26 16:48:19.027 +01:00 [INF] Now listening on: https://localhost:7024
2024-11-26 16:48:19.029 +01:00 [INF] Now listening on: http://localhost:5056
2024-11-26 16:48:19.036 +01:00 [INF] Application started. Press Ctrl+C to shut down.
2024-11-26 16:48:19.040 +01:00 [INF] Hosting environment: Development
2024-11-26 16:48:19.042 +01:00 [INF] Content root path: C:\Users\there\Documents\GitHub\PinThePlace_React\api
2024-11-26 16:48:19.110 +01:00 [INF] Request starting HTTP/1.1 GET http://localhost:5056/api/pinapi/pinlist - null null
2024-11-26 16:48:19.156 +01:00 [INF] CORS policy execution successful.
2024-11-26 16:48:19.158 +01:00 [INF] Executing endpoint 'PinThePlace.Controllers.PinAPIController.PinList (api)'
2024-11-26 16:48:19.175 +01:00 [INF] Route matched with {action = "PinList", controller = "PinAPI"}. Executing controller action with signature System.Threading.Tasks.Task`1[Microsoft.AspNetCore.Mvc.IActionResult] PinList() on controller PinThePlace.Controllers.PinAPIController (api).
2024-11-26 16:48:19.257 +01:00 [INF] Executing OkObjectResult, writing value of type 'System.Linq.Enumerable+SelectListIterator`2[[PinThePlace.Models.Pin, api, Version=1.0.0.0, Culture=neutral, PublicKeyToken=null],[PinThePlace.DTOs.PinDto, api, Version=1.0.0.0, Culture=neutral, PublicKeyToken=null]]'.
2024-11-26 16:48:19.370 +01:00 [INF] Executed action PinThePlace.Controllers.PinAPIController.PinList (api) in 190.364ms
2024-11-26 16:48:19.370 +01:00 [INF] Executed endpoint 'PinThePlace.Controllers.PinAPIController.PinList (api)'
2024-11-26 16:48:19.378 +01:00 [INF] Request finished HTTP/1.1 GET http://localhost:5056/api/pinapi/pinlist - 200 1716 application/json; charset=utf-8 270.4902ms
2024-11-26 16:48:19.381 +01:00 [INF] Request starting HTTP/1.1 GET http://localhost:5056/api/pinapi/pinlist - null null
2024-11-26 16:48:19.390 +01:00 [INF] CORS policy execution successful.
2024-11-26 16:48:19.391 +01:00 [INF] Executing endpoint 'PinThePlace.Controllers.PinAPIController.PinList (api)'
2024-11-26 16:48:19.392 +01:00 [INF] Route matched with {action = "PinList", controller = "PinAPI"}. Executing controller action with signature System.Threading.Tasks.Task`1[Microsoft.AspNetCore.Mvc.IActionResult] PinList() on controller PinThePlace.Controllers.PinAPIController (api).
2024-11-26 16:48:19.450 +01:00 [INF] Executing OkObjectResult, writing value of type 'System.Linq.Enumerable+SelectListIterator`2[[PinThePlace.Models.Pin, api, Version=1.0.0.0, Culture=neutral, PublicKeyToken=null],[PinThePlace.DTOs.PinDto, api, Version=1.0.0.0, Culture=neutral, PublicKeyToken=null]]'.
2024-11-26 16:48:19.451 +01:00 [INF] Executed action PinThePlace.Controllers.PinAPIController.PinList (api) in 58.1205ms
2024-11-26 16:48:19.451 +01:00 [INF] Executed endpoint 'PinThePlace.Controllers.PinAPIController.PinList (api)'
2024-11-26 16:48:19.451 +01:00 [INF] Request finished HTTP/1.1 GET http://localhost:5056/api/pinapi/pinlist - 200 1716 application/json; charset=utf-8 70.4446ms
