2024-11-28 20:34:39.116 +01:00 [INF] User profile is available. Using 'C:\Users\solve\AppData\Local\ASP.NET\DataProtection-Keys' as key repository and Windows DPAPI to encrypt keys at rest.
2024-11-28 20:34:39.205 +01:00 [WRN] The ASP.NET Core developer certificate is not trusted. For information about trusting the ASP.NET Core developer certificate, see https://aka.ms/aspnet/https-trust-dev-cert.
2024-11-28 20:34:39.238 +01:00 [INF] Now listening on: https://localhost:7024
2024-11-28 20:34:39.239 +01:00 [INF] Now listening on: http://localhost:5056
2024-11-28 20:34:39.244 +01:00 [INF] Application started. Press Ctrl+C to shut down.
2024-11-28 20:34:39.249 +01:00 [INF] Hosting environment: Development
2024-11-28 20:34:39.250 +01:00 [INF] Content root path: C:\Users\solve\VSprojects\Webapplikasjoner\PinThePlace_React\api
2024-11-28 20:34:58.173 +01:00 [INF] Request starting HTTP/1.1 GET http://localhost:5056/api/pinapi/pinlist - null null
2024-11-28 20:34:58.210 +01:00 [INF] CORS policy execution successful.
2024-11-28 20:34:58.223 +01:00 [INF] Executing endpoint 'PinThePlace.Controllers.PinAPIController.PinList (api)'
2024-11-28 20:34:58.236 +01:00 [INF] Route matched with {action = "PinList", controller = "PinAPI"}. Executing controller action with signature System.Threading.Tasks.Task`1[Microsoft.AspNetCore.Mvc.IActionResult] PinList() on controller PinThePlace.Controllers.PinAPIController (api).
2024-11-28 20:34:58.298 +01:00 [INF] Executing OkObjectResult, writing value of type 'System.Linq.Enumerable+SelectListIterator`2[[PinThePlace.Models.Pin, api, Version=1.0.0.0, Culture=neutral, PublicKeyToken=null],[PinThePlace.DTOs.PinDto, api, Version=1.0.0.0, Culture=neutral, PublicKeyToken=null]]'.
2024-11-28 20:34:58.377 +01:00 [INF] Request starting HTTP/1.1 GET http://localhost:5056/api/pinapi/pinlist - null null
2024-11-28 20:34:58.378 +01:00 [INF] Executed action PinThePlace.Controllers.PinAPIController.PinList (api) in 138.4886ms
2024-11-28 20:34:58.378 +01:00 [INF] Executed endpoint 'PinThePlace.Controllers.PinAPIController.PinList (api)'
2024-11-28 20:34:58.383 +01:00 [INF] CORS policy execution successful.
2024-11-28 20:34:58.385 +01:00 [INF] Executing endpoint 'PinThePlace.Controllers.PinAPIController.PinList (api)'
2024-11-28 20:34:58.386 +01:00 [INF] Route matched with {action = "PinList", controller = "PinAPI"}. Executing controller action with signature System.Threading.Tasks.Task`1[Microsoft.AspNetCore.Mvc.IActionResult] PinList() on controller PinThePlace.Controllers.PinAPIController (api).
2024-11-28 20:34:58.400 +01:00 [INF] Request finished HTTP/1.1 GET http://localhost:5056/api/pinapi/pinlist - 200 1708 application/json; charset=utf-8 229.0306ms
2024-11-28 20:34:58.462 +01:00 [INF] Executing OkObjectResult, writing value of type 'System.Linq.Enumerable+SelectListIterator`2[[PinThePlace.Models.Pin, api, Version=1.0.0.0, Culture=neutral, PublicKeyToken=null],[PinThePlace.DTOs.PinDto, api, Version=1.0.0.0, Culture=neutral, PublicKeyToken=null]]'.
2024-11-28 20:34:58.462 +01:00 [INF] Executed action PinThePlace.Controllers.PinAPIController.PinList (api) in 76.241ms
2024-11-28 20:34:58.463 +01:00 [INF] Executed endpoint 'PinThePlace.Controllers.PinAPIController.PinList (api)'
2024-11-28 20:34:58.463 +01:00 [INF] Request finished HTTP/1.1 GET http://localhost:5056/api/pinapi/pinlist - 200 1708 application/json; charset=utf-8 85.519ms
2024-11-28 20:35:23.094 +01:00 [INF] Request starting HTTP/1.1 GET http://localhost:5056/api/userapi/userlist - null null
2024-11-28 20:35:23.096 +01:00 [INF] CORS policy execution successful.
2024-11-28 20:35:23.099 +01:00 [INF] Executing endpoint 'PinThePlace.Controllers.UserAPIController.UserList (api)'
2024-11-28 20:35:23.105 +01:00 [INF] Route matched with {action = "UserList", controller = "UserAPI"}. Executing controller action with signature System.Threading.Tasks.Task`1[Microsoft.AspNetCore.Mvc.IActionResult] UserList() on controller PinThePlace.Controllers.UserAPIController (api).
2024-11-28 20:35:23.205 +01:00 [INF] Executing ObjectResult, writing value of type 'Microsoft.AspNetCore.Mvc.ProblemDetails'.
2024-11-28 20:35:23.221 +01:00 [INF] Executed action PinThePlace.Controllers.UserAPIController.UserList (api) in 115.7292ms
2024-11-28 20:35:23.221 +01:00 [INF] Executed endpoint 'PinThePlace.Controllers.UserAPIController.UserList (api)'
2024-11-28 20:35:23.221 +01:00 [INF] Request finished HTTP/1.1 GET http://localhost:5056/api/userapi/userlist - 401 165 application/problem+json; charset=utf-8 130.8599ms
2024-11-28 20:35:23.223 +01:00 [INF] Request starting HTTP/1.1 GET http://localhost:5056/api/userapi/userlist - null null
2024-11-28 20:35:23.223 +01:00 [INF] CORS policy execution successful.
2024-11-28 20:35:23.223 +01:00 [INF] Executing endpoint 'PinThePlace.Controllers.UserAPIController.UserList (api)'
2024-11-28 20:35:23.223 +01:00 [INF] Route matched with {action = "UserList", controller = "UserAPI"}. Executing controller action with signature System.Threading.Tasks.Task`1[Microsoft.AspNetCore.Mvc.IActionResult] UserList() on controller PinThePlace.Controllers.UserAPIController (api).
2024-11-28 20:35:23.230 +01:00 [INF] Executing ObjectResult, writing value of type 'Microsoft.AspNetCore.Mvc.ProblemDetails'.
2024-11-28 20:35:23.231 +01:00 [INF] Executed action PinThePlace.Controllers.UserAPIController.UserList (api) in 7.0303ms
2024-11-28 20:35:23.231 +01:00 [INF] Executed endpoint 'PinThePlace.Controllers.UserAPIController.UserList (api)'
2024-11-28 20:35:23.231 +01:00 [INF] Request finished HTTP/1.1 GET http://localhost:5056/api/userapi/userlist - 401 165 application/problem+json; charset=utf-8 8.4225ms
