2024-11-28 18:39:53.985 +01:00 [INF] User profile is available. Using 'C:\Users\solve\AppData\Local\ASP.NET\DataProtection-Keys' as key repository and Windows DPAPI to encrypt keys at rest.
2024-11-28 18:39:54.108 +01:00 [WRN] The ASP.NET Core developer certificate is not trusted. For information about trusting the ASP.NET Core developer certificate, see https://aka.ms/aspnet/https-trust-dev-cert.
2024-11-28 18:39:54.151 +01:00 [INF] Now listening on: https://localhost:7024
2024-11-28 18:39:54.153 +01:00 [INF] Now listening on: http://localhost:5056
2024-11-28 18:39:54.158 +01:00 [INF] Application started. Press Ctrl+C to shut down.
2024-11-28 18:39:54.162 +01:00 [INF] Hosting environment: Development
2024-11-28 18:39:54.163 +01:00 [INF] Content root path: C:\Users\solve\VSprojects\Webapplikasjoner\PinThePlace_React\api
2024-11-28 18:44:35.429 +01:00 [INF] Request starting HTTP/1.1 GET http://localhost:5056/api/pinapi/pinlist - null null
2024-11-28 18:44:35.462 +01:00 [INF] CORS policy execution successful.
2024-11-28 18:44:35.483 +01:00 [INF] Executing endpoint 'PinThePlace.Controllers.PinAPIController.PinList (api)'
2024-11-28 18:44:35.497 +01:00 [INF] Route matched with {action = "PinList", controller = "PinAPI"}. Executing controller action with signature System.Threading.Tasks.Task`1[Microsoft.AspNetCore.Mvc.IActionResult] PinList() on controller PinThePlace.Controllers.PinAPIController (api).
2024-11-28 18:44:35.557 +01:00 [INF] Executing OkObjectResult, writing value of type 'System.Linq.Enumerable+SelectListIterator`2[[PinThePlace.Models.Pin, api, Version=1.0.0.0, Culture=neutral, PublicKeyToken=null],[PinThePlace.DTOs.PinDto, api, Version=1.0.0.0, Culture=neutral, PublicKeyToken=null]]'.
2024-11-28 18:44:35.652 +01:00 [INF] Request starting HTTP/1.1 GET http://localhost:5056/api/pinapi/pinlist - null null
2024-11-28 18:44:35.654 +01:00 [INF] Executed action PinThePlace.Controllers.PinAPIController.PinList (api) in 152.2693ms
2024-11-28 18:44:35.655 +01:00 [INF] Executed endpoint 'PinThePlace.Controllers.PinAPIController.PinList (api)'
2024-11-28 18:44:35.655 +01:00 [INF] CORS policy execution successful.
2024-11-28 18:44:35.657 +01:00 [INF] Executing endpoint 'PinThePlace.Controllers.PinAPIController.PinList (api)'
2024-11-28 18:44:35.657 +01:00 [INF] Route matched with {action = "PinList", controller = "PinAPI"}. Executing controller action with signature System.Threading.Tasks.Task`1[Microsoft.AspNetCore.Mvc.IActionResult] PinList() on controller PinThePlace.Controllers.PinAPIController (api).
2024-11-28 18:44:35.668 +01:00 [INF] Request finished HTTP/1.1 GET http://localhost:5056/api/pinapi/pinlist - 200 1707 application/json; charset=utf-8 241.3096ms
2024-11-28 18:44:35.712 +01:00 [INF] Executing OkObjectResult, writing value of type 'System.Linq.Enumerable+SelectListIterator`2[[PinThePlace.Models.Pin, api, Version=1.0.0.0, Culture=neutral, PublicKeyToken=null],[PinThePlace.DTOs.PinDto, api, Version=1.0.0.0, Culture=neutral, PublicKeyToken=null]]'.
2024-11-28 18:44:35.713 +01:00 [INF] Executed action PinThePlace.Controllers.PinAPIController.PinList (api) in 55.6915ms
2024-11-28 18:44:35.713 +01:00 [INF] Executed endpoint 'PinThePlace.Controllers.PinAPIController.PinList (api)'
2024-11-28 18:44:35.713 +01:00 [INF] Request finished HTTP/1.1 GET http://localhost:5056/api/pinapi/pinlist - 200 1707 application/json; charset=utf-8 60.8654ms
