2024-11-26 14:40:47.592 +01:00 [INF] User profile is available. Using 'C:\Users\solve\AppData\Local\ASP.NET\DataProtection-Keys' as key repository and Windows DPAPI to encrypt keys at rest.
2024-11-26 14:40:47.669 +01:00 [INF] Now listening on: http://localhost:5056
2024-11-26 14:40:47.672 +01:00 [INF] Application started. Press Ctrl+C to shut down.
2024-11-26 14:40:47.672 +01:00 [INF] Hosting environment: Development
2024-11-26 14:40:47.672 +01:00 [INF] Content root path: C:\Users\solve\VSprojects\Webapplikasjoner\PinThePlace_React\api
2024-11-26 14:40:47.901 +01:00 [INF] Request starting HTTP/1.1 GET http://localhost:5056/swagger - null null
2024-11-26 14:40:47.921 +01:00 [INF] Identity.Application was not authenticated. Failure message: Unprotect ticket failed
2024-11-26 14:40:47.935 +01:00 [INF] Request finished HTTP/1.1 GET http://localhost:5056/swagger - 301 0 null 36.569ms
2024-11-26 14:40:47.943 +01:00 [INF] Request starting HTTP/1.1 GET http://localhost:5056/swagger/index.html - null null
2024-11-26 14:40:47.946 +01:00 [INF] Identity.Application was not authenticated. Failure message: Unprotect ticket failed
2024-11-26 14:40:47.994 +01:00 [INF] Request finished HTTP/1.1 GET http://localhost:5056/swagger/index.html - 200 null text/html;charset=utf-8 51.172ms
2024-11-26 14:40:48.025 +01:00 [INF] Request starting HTTP/1.1 GET http://localhost:5056/swagger/swagger-ui-standalone-preset.js - null null
2024-11-26 14:40:48.025 +01:00 [INF] Request starting HTTP/1.1 GET http://localhost:5056/swagger/swagger-ui-bundle.js - null null
2024-11-26 14:40:48.025 +01:00 [INF] Request starting HTTP/1.1 GET http://localhost:5056/swagger/swagger-ui.css - null null
2024-11-26 14:40:48.028 +01:00 [INF] Identity.Application was not authenticated. Failure message: Unprotect ticket failed
2024-11-26 14:40:48.028 +01:00 [INF] Identity.Application was not authenticated. Failure message: Unprotect ticket failed
2024-11-26 14:40:48.028 +01:00 [INF] Identity.Application was not authenticated. Failure message: Unprotect ticket failed
2024-11-26 14:40:48.048 +01:00 [INF] Sending file. Request path: '/swagger-ui-standalone-preset.js'. Physical path: 'N/A'
2024-11-26 14:40:48.048 +01:00 [INF] Sending file. Request path: '/swagger-ui.css'. Physical path: 'N/A'
2024-11-26 14:40:48.049 +01:00 [INF] Request finished HTTP/1.1 GET http://localhost:5056/swagger/swagger-ui-standalone-preset.js - 200 339486 text/javascript 24.0599ms
2024-11-26 14:40:48.049 +01:00 [INF] Request finished HTTP/1.1 GET http://localhost:5056/swagger/swagger-ui.css - 200 143943 text/css 23.93ms
2024-11-26 14:40:48.050 +01:00 [INF] Sending file. Request path: '/swagger-ui-bundle.js'. Physical path: 'N/A'
2024-11-26 14:40:48.051 +01:00 [INF] Request finished HTTP/1.1 GET http://localhost:5056/swagger/swagger-ui-bundle.js - 200 1096145 text/javascript 25.3719ms
2024-11-26 14:40:48.567 +01:00 [INF] Request starting HTTP/1.1 GET http://localhost:5056/swagger/v1/swagger.json - null null
2024-11-26 14:40:48.568 +01:00 [INF] Identity.Application was not authenticated. Failure message: Unprotect ticket failed
2024-11-26 14:40:48.624 +01:00 [INF] Request finished HTTP/1.1 GET http://localhost:5056/swagger/v1/swagger.json - 200 null application/json;charset=utf-8 56.847ms
2024-11-26 14:40:48.715 +01:00 [INF] Request starting HTTP/1.1 GET http://localhost:5056/swagger/favicon-32x32.png - null null
2024-11-26 14:40:48.715 +01:00 [INF] Identity.Application was not authenticated. Failure message: Unprotect ticket failed
2024-11-26 14:40:48.716 +01:00 [INF] Sending file. Request path: '/favicon-32x32.png'. Physical path: 'N/A'
2024-11-26 14:40:48.716 +01:00 [INF] Request finished HTTP/1.1 GET http://localhost:5056/swagger/favicon-32x32.png - 200 628 image/png 1.7498ms
2024-11-26 14:41:00.419 +01:00 [INF] Request starting HTTP/1.1 GET http://localhost:5056/api/PinAPI/pinlist - null null
2024-11-26 14:41:00.419 +01:00 [INF] Identity.Application was not authenticated. Failure message: Unprotect ticket failed
2024-11-26 14:41:00.442 +01:00 [INF] Executing endpoint 'PinThePlace.Controllers.PinAPIController.PinList (api)'
2024-11-26 14:41:00.460 +01:00 [INF] Route matched with {action = "PinList", controller = "PinAPI"}. Executing controller action with signature System.Threading.Tasks.Task`1[Microsoft.AspNetCore.Mvc.IActionResult] PinList() on controller PinThePlace.Controllers.PinAPIController (api).
2024-11-26 14:41:00.502 +01:00 [INF] Executing OkObjectResult, writing value of type 'System.Collections.Generic.List`1[[PinThePlace.Models.Pin, api, Version=1.0.0.0, Culture=neutral, PublicKeyToken=null]]'.
2024-11-26 14:41:00.595 +01:00 [INF] Executed action PinThePlace.Controllers.PinAPIController.PinList (api) in 131.4322ms
2024-11-26 14:41:00.595 +01:00 [INF] Executed endpoint 'PinThePlace.Controllers.PinAPIController.PinList (api)'
2024-11-26 14:41:00.599 +01:00 [INF] Request finished HTTP/1.1 GET http://localhost:5056/api/PinAPI/pinlist - 200 5827 application/json; charset=utf-8 180.26ms
